ARM GAS  /tmp/ccraRsB6.s 			page 1


   1              		.cpu cortex-m4
   2              		.eabi_attribute 27, 1
   3              		.eabi_attribute 28, 1
   4              		.eabi_attribute 20, 1
   5              		.eabi_attribute 21, 1
   6              		.eabi_attribute 23, 3
   7              		.eabi_attribute 24, 1
   8              		.eabi_attribute 25, 1
   9              		.eabi_attribute 26, 1
  10              		.eabi_attribute 30, 6
  11              		.eabi_attribute 34, 1
  12              		.eabi_attribute 18, 4
  13              		.file	"stm32f4xx_it.c"
  14              		.text
  15              	.Ltext0:
  16              		.cfi_sections	.debug_frame
  17              		.section	.text.SysTick_Handler,"ax",%progbits
  18              		.align	1
  19              		.global	SysTick_Handler
  20              		.syntax unified
  21              		.thumb
  22              		.thumb_func
  23              		.fpu fpv4-sp-d16
  25              	SysTick_Handler:
  26              	.LFB129:
  27              		.file 1 "Src/stm32f4xx_it.c"
   1:Src/stm32f4xx_it.c **** /**
   2:Src/stm32f4xx_it.c ****   ******************************************************************************
   3:Src/stm32f4xx_it.c ****   * @file    stm32f4xx_it.c
   4:Src/stm32f4xx_it.c ****   * @brief   Interrupt Service Routines.
   5:Src/stm32f4xx_it.c ****   ******************************************************************************
   6:Src/stm32f4xx_it.c ****   *
   7:Src/stm32f4xx_it.c ****   * COPYRIGHT(c) 2018 STMicroelectronics
   8:Src/stm32f4xx_it.c ****   *
   9:Src/stm32f4xx_it.c ****   * Redistribution and use in source and binary forms, with or without modification,
  10:Src/stm32f4xx_it.c ****   * are permitted provided that the following conditions are met:
  11:Src/stm32f4xx_it.c ****   *   1. Redistributions of source code must retain the above copyright notice,
  12:Src/stm32f4xx_it.c ****   *      this list of conditions and the following disclaimer.
  13:Src/stm32f4xx_it.c ****   *   2. Redistributions in binary form must reproduce the above copyright notice,
  14:Src/stm32f4xx_it.c ****   *      this list of conditions and the following disclaimer in the documentation
  15:Src/stm32f4xx_it.c ****   *      and/or other materials provided with the distribution.
  16:Src/stm32f4xx_it.c ****   *   3. Neither the name of STMicroelectronics nor the names of its contributors
  17:Src/stm32f4xx_it.c ****   *      may be used to endorse or promote products derived from this software
  18:Src/stm32f4xx_it.c ****   *      without specific prior written permission.
  19:Src/stm32f4xx_it.c ****   *
  20:Src/stm32f4xx_it.c ****   * THIS SOFTWARE IS PROVIDED BY THE COPYRIGHT HOLDERS AND CONTRIBUTORS "AS IS"
  21:Src/stm32f4xx_it.c ****   * AND ANY EXPRESS OR IMPLIED WARRANTIES, INCLUDING, BUT NOT LIMITED TO, THE
  22:Src/stm32f4xx_it.c ****   * IMPLIED WARRANTIES OF MERCHANTABILITY AND FITNESS FOR A PARTICULAR PURPOSE ARE
  23:Src/stm32f4xx_it.c ****   * DISCLAIMED. IN NO EVENT SHALL THE COPYRIGHT HOLDER OR CONTRIBUTORS BE LIABLE
  24:Src/stm32f4xx_it.c ****   * FOR ANY DIRECT, INDIRECT, INCIDENTAL, SPECIAL, EXEMPLARY, OR CONSEQUENTIAL
  25:Src/stm32f4xx_it.c ****   * DAMAGES (INCLUDING, BUT NOT LIMITED TO, PROCUREMENT OF SUBSTITUTE GOODS OR
  26:Src/stm32f4xx_it.c ****   * SERVICES; LOSS OF USE, DATA, OR PROFITS; OR BUSINESS INTERRUPTION) HOWEVER
  27:Src/stm32f4xx_it.c ****   * CAUSED AND ON ANY THEORY OF LIABILITY, WHETHER IN CONTRACT, STRICT LIABILITY,
  28:Src/stm32f4xx_it.c ****   * OR TORT (INCLUDING NEGLIGENCE OR OTHERWISE) ARISING IN ANY WAY OUT OF THE USE
  29:Src/stm32f4xx_it.c ****   * OF THIS SOFTWARE, EVEN IF ADVISED OF THE POSSIBILITY OF SUCH DAMAGE.
  30:Src/stm32f4xx_it.c ****   *
  31:Src/stm32f4xx_it.c ****   ******************************************************************************
ARM GAS  /tmp/ccraRsB6.s 			page 2


  32:Src/stm32f4xx_it.c ****   */
  33:Src/stm32f4xx_it.c **** /* Includes ------------------------------------------------------------------*/
  34:Src/stm32f4xx_it.c **** #include "stm32f4xx_hal.h"
  35:Src/stm32f4xx_it.c **** #include "stm32f4xx.h"
  36:Src/stm32f4xx_it.c **** #include "stm32f4xx_it.h"
  37:Src/stm32f4xx_it.c **** #include "cmsis_os.h"
  38:Src/stm32f4xx_it.c **** 
  39:Src/stm32f4xx_it.c **** /* USER CODE BEGIN 0 */
  40:Src/stm32f4xx_it.c **** 
  41:Src/stm32f4xx_it.c **** /* USER CODE END 0 */
  42:Src/stm32f4xx_it.c **** 
  43:Src/stm32f4xx_it.c **** /* External variables --------------------------------------------------------*/
  44:Src/stm32f4xx_it.c **** 
  45:Src/stm32f4xx_it.c **** extern TIM_HandleTypeDef htim1;
  46:Src/stm32f4xx_it.c **** 
  47:Src/stm32f4xx_it.c **** /******************************************************************************/
  48:Src/stm32f4xx_it.c **** /*            Cortex-M4 Processor Interruption and Exception Handlers         */ 
  49:Src/stm32f4xx_it.c **** /******************************************************************************/
  50:Src/stm32f4xx_it.c **** 
  51:Src/stm32f4xx_it.c **** /**
  52:Src/stm32f4xx_it.c **** * @brief This function handles System tick timer.
  53:Src/stm32f4xx_it.c **** */
  54:Src/stm32f4xx_it.c **** void SysTick_Handler(void)
  55:Src/stm32f4xx_it.c **** {
  28              		.loc 1 55 0
  29              		.cfi_startproc
  30              		@ args = 0, pretend = 0, frame = 0
  31              		@ frame_needed = 1, uses_anonymous_args = 0
  32 0000 80B5     		push	{r7, lr}
  33              	.LCFI0:
  34              		.cfi_def_cfa_offset 8
  35              		.cfi_offset 7, -8
  36              		.cfi_offset 14, -4
  37 0002 00AF     		add	r7, sp, #0
  38              	.LCFI1:
  39              		.cfi_def_cfa_register 7
  56:Src/stm32f4xx_it.c ****   /* USER CODE BEGIN SysTick_IRQn 0 */
  57:Src/stm32f4xx_it.c **** 
  58:Src/stm32f4xx_it.c ****   /* USER CODE END SysTick_IRQn 0 */
  59:Src/stm32f4xx_it.c ****   osSystickHandler();
  40              		.loc 1 59 0
  41 0004 FFF7FEFF 		bl	osSystickHandler
  60:Src/stm32f4xx_it.c ****   /* USER CODE BEGIN SysTick_IRQn 1 */
  61:Src/stm32f4xx_it.c **** 
  62:Src/stm32f4xx_it.c ****   /* USER CODE END SysTick_IRQn 1 */
  63:Src/stm32f4xx_it.c **** }
  42              		.loc 1 63 0
  43 0008 00BF     		nop
  44 000a 80BD     		pop	{r7, pc}
  45              		.cfi_endproc
  46              	.LFE129:
  48              		.section	.text.TIM1_UP_TIM10_IRQHandler,"ax",%progbits
  49              		.align	1
  50              		.global	TIM1_UP_TIM10_IRQHandler
  51              		.syntax unified
  52              		.thumb
  53              		.thumb_func
ARM GAS  /tmp/ccraRsB6.s 			page 3


  54              		.fpu fpv4-sp-d16
  56              	TIM1_UP_TIM10_IRQHandler:
  57              	.LFB130:
  64:Src/stm32f4xx_it.c **** 
  65:Src/stm32f4xx_it.c **** /******************************************************************************/
  66:Src/stm32f4xx_it.c **** /* STM32F4xx Peripheral Interrupt Handlers                                    */
  67:Src/stm32f4xx_it.c **** /* Add here the Interrupt Handlers for the used peripherals.                  */
  68:Src/stm32f4xx_it.c **** /* For the available peripheral interrupt handler names,                      */
  69:Src/stm32f4xx_it.c **** /* please refer to the startup file (startup_stm32f4xx.s).                    */
  70:Src/stm32f4xx_it.c **** /******************************************************************************/
  71:Src/stm32f4xx_it.c **** 
  72:Src/stm32f4xx_it.c **** /**
  73:Src/stm32f4xx_it.c **** * @brief This function handles TIM1 update interrupt and TIM10 global interrupt.
  74:Src/stm32f4xx_it.c **** */
  75:Src/stm32f4xx_it.c **** void TIM1_UP_TIM10_IRQHandler(void)
  76:Src/stm32f4xx_it.c **** {
  58              		.loc 1 76 0
  59              		.cfi_startproc
  60              		@ args = 0, pretend = 0, frame = 0
  61              		@ frame_needed = 1, uses_anonymous_args = 0
  62 0000 80B5     		push	{r7, lr}
  63              	.LCFI2:
  64              		.cfi_def_cfa_offset 8
  65              		.cfi_offset 7, -8
  66              		.cfi_offset 14, -4
  67 0002 00AF     		add	r7, sp, #0
  68              	.LCFI3:
  69              		.cfi_def_cfa_register 7
  77:Src/stm32f4xx_it.c ****   /* USER CODE BEGIN TIM1_UP_TIM10_IRQn 0 */
  78:Src/stm32f4xx_it.c **** 
  79:Src/stm32f4xx_it.c ****   /* USER CODE END TIM1_UP_TIM10_IRQn 0 */
  80:Src/stm32f4xx_it.c ****   HAL_TIM_IRQHandler(&htim1);
  70              		.loc 1 80 0
  71 0004 0248     		ldr	r0, .L3
  72 0006 FFF7FEFF 		bl	HAL_TIM_IRQHandler
  81:Src/stm32f4xx_it.c ****   /* USER CODE BEGIN TIM1_UP_TIM10_IRQn 1 */
  82:Src/stm32f4xx_it.c **** 
  83:Src/stm32f4xx_it.c ****   /* USER CODE END TIM1_UP_TIM10_IRQn 1 */
  84:Src/stm32f4xx_it.c **** }
  73              		.loc 1 84 0
  74 000a 00BF     		nop
  75 000c 80BD     		pop	{r7, pc}
  76              	.L4:
  77 000e 00BF     		.align	2
  78              	.L3:
  79 0010 00000000 		.word	htim1
  80              		.cfi_endproc
  81              	.LFE130:
  83              		.text
  84              	.Letext0:
  85              		.file 2 "/opt/gcc4mbed/gcc-arm-none-eabi/arm-none-eabi/include/machine/_default_types.h"
  86              		.file 3 "/opt/gcc4mbed/gcc-arm-none-eabi/arm-none-eabi/include/sys/_stdint.h"
  87              		.file 4 "Drivers/CMSIS/Include/core_cm4.h"
  88              		.file 5 "Drivers/CMSIS/Device/ST/STM32F4xx/Include/system_stm32f4xx.h"
  89              		.file 6 "Drivers/CMSIS/Device/ST/STM32F4xx/Include/stm32f411xe.h"
  90              		.file 7 "/opt/gcc4mbed/gcc-arm-none-eabi/arm-none-eabi/include/sys/lock.h"
  91              		.file 8 "/opt/gcc4mbed/gcc-arm-none-eabi/arm-none-eabi/include/sys/_types.h"
ARM GAS  /tmp/ccraRsB6.s 			page 4


  92              		.file 9 "/opt/gcc4mbed/gcc-arm-none-eabi/lib/gcc/arm-none-eabi/6.3.1/include/stddef.h"
  93              		.file 10 "/opt/gcc4mbed/gcc-arm-none-eabi/arm-none-eabi/include/sys/reent.h"
  94              		.file 11 "Drivers/STM32F4xx_HAL_Driver/Inc/stm32f4xx_hal_def.h"
  95              		.file 12 "Drivers/STM32F4xx_HAL_Driver/Inc/stm32f4xx_hal_dma.h"
  96              		.file 13 "Drivers/STM32F4xx_HAL_Driver/Inc/stm32f4xx_hal_tim.h"
ARM GAS  /tmp/ccraRsB6.s 			page 5


DEFINED SYMBOLS
                            *ABS*:0000000000000000 stm32f4xx_it.c
     /tmp/ccraRsB6.s:18     .text.SysTick_Handler:0000000000000000 $t
     /tmp/ccraRsB6.s:25     .text.SysTick_Handler:0000000000000000 SysTick_Handler
     /tmp/ccraRsB6.s:49     .text.TIM1_UP_TIM10_IRQHandler:0000000000000000 $t
     /tmp/ccraRsB6.s:56     .text.TIM1_UP_TIM10_IRQHandler:0000000000000000 TIM1_UP_TIM10_IRQHandler
     /tmp/ccraRsB6.s:79     .text.TIM1_UP_TIM10_IRQHandler:0000000000000010 $d
                     .debug_frame:0000000000000010 $d

UNDEFINED SYMBOLS
osSystickHandler
HAL_TIM_IRQHandler
htim1
