ARM GAS  /tmp/cc9tyrLG.s 			page 1


   1              		.cpu cortex-m4
   2              		.eabi_attribute 27, 1
   3              		.eabi_attribute 28, 1
   4              		.eabi_attribute 20, 1
   5              		.eabi_attribute 21, 1
   6              		.eabi_attribute 23, 3
   7              		.eabi_attribute 24, 1
   8              		.eabi_attribute 25, 1
   9              		.eabi_attribute 26, 1
  10              		.eabi_attribute 30, 6
  11              		.eabi_attribute 34, 1
  12              		.eabi_attribute 18, 4
  13              		.file	"timers.c"
  14              		.text
  15              	.Ltext0:
  16              		.cfi_sections	.debug_frame
  17              	.Letext0:
  18              		.file 1 "/opt/gcc4mbed/gcc-arm-none-eabi/arm-none-eabi/include/machine/_default_types.h"
  19              		.file 2 "/opt/gcc4mbed/gcc-arm-none-eabi/arm-none-eabi/include/sys/lock.h"
  20              		.file 3 "/opt/gcc4mbed/gcc-arm-none-eabi/arm-none-eabi/include/sys/_types.h"
  21              		.file 4 "/opt/gcc4mbed/gcc-arm-none-eabi/lib/gcc/arm-none-eabi/6.3.1/include/stddef.h"
  22              		.file 5 "/opt/gcc4mbed/gcc-arm-none-eabi/arm-none-eabi/include/sys/reent.h"
  23              		.file 6 "/opt/gcc4mbed/gcc-arm-none-eabi/arm-none-eabi/include/sys/_stdint.h"
  24              		.file 7 "Inc/FreeRTOSConfig.h"
ARM GAS  /tmp/cc9tyrLG.s 			page 2


DEFINED SYMBOLS
                            *ABS*:0000000000000000 timers.c

NO UNDEFINED SYMBOLS
