ARM GAS  /tmp/ccUh5JAT.s 			page 1


   1              		.cpu cortex-m4
   2              		.eabi_attribute 27, 1
   3              		.eabi_attribute 28, 1
   4              		.eabi_attribute 20, 1
   5              		.eabi_attribute 21, 1
   6              		.eabi_attribute 23, 3
   7              		.eabi_attribute 24, 1
   8              		.eabi_attribute 25, 1
   9              		.eabi_attribute 26, 1
  10              		.eabi_attribute 30, 6
  11              		.eabi_attribute 34, 1
  12              		.eabi_attribute 18, 4
  13              		.file	"stm32f4xx_hal_msp.c"
  14              		.text
  15              	.Ltext0:
  16              		.cfi_sections	.debug_frame
  17              		.section	.text.HAL_MspInit,"ax",%progbits
  18              		.align	1
  19              		.global	HAL_MspInit
  20              		.syntax unified
  21              		.thumb
  22              		.thumb_func
  23              		.fpu fpv4-sp-d16
  25              	HAL_MspInit:
  26              	.LFB124:
  27              		.file 1 "Src/stm32f4xx_hal_msp.c"
   1:Src/stm32f4xx_hal_msp.c **** /**
   2:Src/stm32f4xx_hal_msp.c ****   ******************************************************************************
   3:Src/stm32f4xx_hal_msp.c ****   * File Name          : stm32f4xx_hal_msp.c
   4:Src/stm32f4xx_hal_msp.c ****   * Description        : This file provides code for the MSP Initialization
   5:Src/stm32f4xx_hal_msp.c ****   *                      and de-Initialization codes.
   6:Src/stm32f4xx_hal_msp.c ****   ******************************************************************************
   7:Src/stm32f4xx_hal_msp.c ****   * This notice applies to any and all portions of this file
   8:Src/stm32f4xx_hal_msp.c ****   * that are not between comment pairs USER CODE BEGIN and
   9:Src/stm32f4xx_hal_msp.c ****   * USER CODE END. Other portions of this file, whether
  10:Src/stm32f4xx_hal_msp.c ****   * inserted by the user or by software development tools
  11:Src/stm32f4xx_hal_msp.c ****   * are owned by their respective copyright owners.
  12:Src/stm32f4xx_hal_msp.c ****   *
  13:Src/stm32f4xx_hal_msp.c ****   * Copyright (c) 2018 STMicroelectronics International N.V.
  14:Src/stm32f4xx_hal_msp.c ****   * All rights reserved.
  15:Src/stm32f4xx_hal_msp.c ****   *
  16:Src/stm32f4xx_hal_msp.c ****   * Redistribution and use in source and binary forms, with or without
  17:Src/stm32f4xx_hal_msp.c ****   * modification, are permitted, provided that the following conditions are met:
  18:Src/stm32f4xx_hal_msp.c ****   *
  19:Src/stm32f4xx_hal_msp.c ****   * 1. Redistribution of source code must retain the above copyright notice,
  20:Src/stm32f4xx_hal_msp.c ****   *    this list of conditions and the following disclaimer.
  21:Src/stm32f4xx_hal_msp.c ****   * 2. Redistributions in binary form must reproduce the above copyright notice,
  22:Src/stm32f4xx_hal_msp.c ****   *    this list of conditions and the following disclaimer in the documentation
  23:Src/stm32f4xx_hal_msp.c ****   *    and/or other materials provided with the distribution.
  24:Src/stm32f4xx_hal_msp.c ****   * 3. Neither the name of STMicroelectronics nor the names of other
  25:Src/stm32f4xx_hal_msp.c ****   *    contributors to this software may be used to endorse or promote products
  26:Src/stm32f4xx_hal_msp.c ****   *    derived from this software without specific written permission.
  27:Src/stm32f4xx_hal_msp.c ****   * 4. This software, including modifications and/or derivative works of this
  28:Src/stm32f4xx_hal_msp.c ****   *    software, must execute solely and exclusively on microcontroller or
  29:Src/stm32f4xx_hal_msp.c ****   *    microprocessor devices manufactured by or for STMicroelectronics.
  30:Src/stm32f4xx_hal_msp.c ****   * 5. Redistribution and use of this software other than as permitted under
  31:Src/stm32f4xx_hal_msp.c ****   *    this license is void and will automatically terminate your rights under
ARM GAS  /tmp/ccUh5JAT.s 			page 2


  32:Src/stm32f4xx_hal_msp.c ****   *    this license.
  33:Src/stm32f4xx_hal_msp.c ****   *
  34:Src/stm32f4xx_hal_msp.c ****   * THIS SOFTWARE IS PROVIDED BY STMICROELECTRONICS AND CONTRIBUTORS "AS IS"
  35:Src/stm32f4xx_hal_msp.c ****   * AND ANY EXPRESS, IMPLIED OR STATUTORY WARRANTIES, INCLUDING, BUT NOT
  36:Src/stm32f4xx_hal_msp.c ****   * LIMITED TO, THE IMPLIED WARRANTIES OF MERCHANTABILITY, FITNESS FOR A
  37:Src/stm32f4xx_hal_msp.c ****   * PARTICULAR PURPOSE AND NON-INFRINGEMENT OF THIRD PARTY INTELLECTUAL PROPERTY
  38:Src/stm32f4xx_hal_msp.c ****   * RIGHTS ARE DISCLAIMED TO THE FULLEST EXTENT PERMITTED BY LAW. IN NO EVENT
  39:Src/stm32f4xx_hal_msp.c ****   * SHALL STMICROELECTRONICS OR CONTRIBUTORS BE LIABLE FOR ANY DIRECT, INDIRECT,
  40:Src/stm32f4xx_hal_msp.c ****   * INCIDENTAL, SPECIAL, EXEMPLARY, OR CONSEQUENTIAL DAMAGES (INCLUDING, BUT NOT
  41:Src/stm32f4xx_hal_msp.c ****   * LIMITED TO, PROCUREMENT OF SUBSTITUTE GOODS OR SERVICES; LOSS OF USE, DATA,
  42:Src/stm32f4xx_hal_msp.c ****   * OR PROFITS; OR BUSINESS INTERRUPTION) HOWEVER CAUSED AND ON ANY THEORY OF
  43:Src/stm32f4xx_hal_msp.c ****   * LIABILITY, WHETHER IN CONTRACT, STRICT LIABILITY, OR TORT (INCLUDING
  44:Src/stm32f4xx_hal_msp.c ****   * NEGLIGENCE OR OTHERWISE) ARISING IN ANY WAY OUT OF THE USE OF THIS SOFTWARE,
  45:Src/stm32f4xx_hal_msp.c ****   * EVEN IF ADVISED OF THE POSSIBILITY OF SUCH DAMAGE.
  46:Src/stm32f4xx_hal_msp.c ****   *
  47:Src/stm32f4xx_hal_msp.c ****   ******************************************************************************
  48:Src/stm32f4xx_hal_msp.c ****   */
  49:Src/stm32f4xx_hal_msp.c **** /* Includes ------------------------------------------------------------------*/
  50:Src/stm32f4xx_hal_msp.c **** #include "stm32f4xx_hal.h"
  51:Src/stm32f4xx_hal_msp.c **** 
  52:Src/stm32f4xx_hal_msp.c **** extern void _Error_Handler(char*, int);
  53:Src/stm32f4xx_hal_msp.c **** /* USER CODE BEGIN 0 */
  54:Src/stm32f4xx_hal_msp.c **** 
  55:Src/stm32f4xx_hal_msp.c **** /* USER CODE END 0 */
  56:Src/stm32f4xx_hal_msp.c **** /**
  57:Src/stm32f4xx_hal_msp.c ****   * Initializes the Global MSP.
  58:Src/stm32f4xx_hal_msp.c ****   */
  59:Src/stm32f4xx_hal_msp.c **** void HAL_MspInit(void)
  60:Src/stm32f4xx_hal_msp.c **** {
  28              		.loc 1 60 0
  29              		.cfi_startproc
  30              		@ args = 0, pretend = 0, frame = 0
  31              		@ frame_needed = 1, uses_anonymous_args = 0
  32 0000 80B5     		push	{r7, lr}
  33              	.LCFI0:
  34              		.cfi_def_cfa_offset 8
  35              		.cfi_offset 7, -8
  36              		.cfi_offset 14, -4
  37 0002 00AF     		add	r7, sp, #0
  38              	.LCFI1:
  39              		.cfi_def_cfa_register 7
  61:Src/stm32f4xx_hal_msp.c ****     /* USER CODE BEGIN MspInit 0 */
  62:Src/stm32f4xx_hal_msp.c **** 
  63:Src/stm32f4xx_hal_msp.c ****     /* USER CODE END MspInit 0 */
  64:Src/stm32f4xx_hal_msp.c **** 
  65:Src/stm32f4xx_hal_msp.c ****     HAL_NVIC_SetPriorityGrouping(NVIC_PRIORITYGROUP_4);
  40              		.loc 1 65 0
  41 0004 0320     		movs	r0, #3
  42 0006 FFF7FEFF 		bl	HAL_NVIC_SetPriorityGrouping
  66:Src/stm32f4xx_hal_msp.c **** 
  67:Src/stm32f4xx_hal_msp.c ****     /* System interrupt init*/
  68:Src/stm32f4xx_hal_msp.c ****     /* MemoryManagement_IRQn interrupt configuration */
  69:Src/stm32f4xx_hal_msp.c ****     HAL_NVIC_SetPriority(MemoryManagement_IRQn, 0, 0);
  43              		.loc 1 69 0
  44 000a 0022     		movs	r2, #0
  45 000c 0021     		movs	r1, #0
  46 000e 6FF00B00 		mvn	r0, #11
ARM GAS  /tmp/ccUh5JAT.s 			page 3


  47 0012 FFF7FEFF 		bl	HAL_NVIC_SetPriority
  70:Src/stm32f4xx_hal_msp.c ****     /* BusFault_IRQn interrupt configuration */
  71:Src/stm32f4xx_hal_msp.c ****     HAL_NVIC_SetPriority(BusFault_IRQn, 0, 0);
  48              		.loc 1 71 0
  49 0016 0022     		movs	r2, #0
  50 0018 0021     		movs	r1, #0
  51 001a 6FF00A00 		mvn	r0, #10
  52 001e FFF7FEFF 		bl	HAL_NVIC_SetPriority
  72:Src/stm32f4xx_hal_msp.c ****     /* UsageFault_IRQn interrupt configuration */
  73:Src/stm32f4xx_hal_msp.c ****     HAL_NVIC_SetPriority(UsageFault_IRQn, 0, 0);
  53              		.loc 1 73 0
  54 0022 0022     		movs	r2, #0
  55 0024 0021     		movs	r1, #0
  56 0026 6FF00900 		mvn	r0, #9
  57 002a FFF7FEFF 		bl	HAL_NVIC_SetPriority
  74:Src/stm32f4xx_hal_msp.c ****     /* SVCall_IRQn interrupt configuration */
  75:Src/stm32f4xx_hal_msp.c ****     HAL_NVIC_SetPriority(SVCall_IRQn, 0, 0);
  58              		.loc 1 75 0
  59 002e 0022     		movs	r2, #0
  60 0030 0021     		movs	r1, #0
  61 0032 6FF00400 		mvn	r0, #4
  62 0036 FFF7FEFF 		bl	HAL_NVIC_SetPriority
  76:Src/stm32f4xx_hal_msp.c ****     /* DebugMonitor_IRQn interrupt configuration */
  77:Src/stm32f4xx_hal_msp.c ****     HAL_NVIC_SetPriority(DebugMonitor_IRQn, 0, 0);
  63              		.loc 1 77 0
  64 003a 0022     		movs	r2, #0
  65 003c 0021     		movs	r1, #0
  66 003e 6FF00300 		mvn	r0, #3
  67 0042 FFF7FEFF 		bl	HAL_NVIC_SetPriority
  78:Src/stm32f4xx_hal_msp.c ****     /* PendSV_IRQn interrupt configuration */
  79:Src/stm32f4xx_hal_msp.c ****     HAL_NVIC_SetPriority(PendSV_IRQn, 15, 0);
  68              		.loc 1 79 0
  69 0046 0022     		movs	r2, #0
  70 0048 0F21     		movs	r1, #15
  71 004a 6FF00100 		mvn	r0, #1
  72 004e FFF7FEFF 		bl	HAL_NVIC_SetPriority
  80:Src/stm32f4xx_hal_msp.c ****     /* SysTick_IRQn interrupt configuration */
  81:Src/stm32f4xx_hal_msp.c ****     HAL_NVIC_SetPriority(SysTick_IRQn, 15, 0);
  73              		.loc 1 81 0
  74 0052 0022     		movs	r2, #0
  75 0054 0F21     		movs	r1, #15
  76 0056 4FF0FF30 		mov	r0, #-1
  77 005a FFF7FEFF 		bl	HAL_NVIC_SetPriority
  82:Src/stm32f4xx_hal_msp.c **** 
  83:Src/stm32f4xx_hal_msp.c ****     /* USER CODE BEGIN MspInit 1 */
  84:Src/stm32f4xx_hal_msp.c **** 
  85:Src/stm32f4xx_hal_msp.c ****     /* USER CODE END MspInit 1 */
  86:Src/stm32f4xx_hal_msp.c **** }
  78              		.loc 1 86 0
  79 005e 00BF     		nop
  80 0060 80BD     		pop	{r7, pc}
  81              		.cfi_endproc
  82              	.LFE124:
  84              		.text
  85              	.Letext0:
  86              		.file 2 "/opt/gcc4mbed/gcc-arm-none-eabi/arm-none-eabi/include/machine/_default_types.h"
  87              		.file 3 "/opt/gcc4mbed/gcc-arm-none-eabi/arm-none-eabi/include/sys/_stdint.h"
ARM GAS  /tmp/ccUh5JAT.s 			page 4


  88              		.file 4 "Drivers/CMSIS/Include/core_cm4.h"
  89              		.file 5 "Drivers/CMSIS/Device/ST/STM32F4xx/Include/system_stm32f4xx.h"
  90              		.file 6 "/opt/gcc4mbed/gcc-arm-none-eabi/arm-none-eabi/include/sys/lock.h"
  91              		.file 7 "/opt/gcc4mbed/gcc-arm-none-eabi/arm-none-eabi/include/sys/_types.h"
  92              		.file 8 "/opt/gcc4mbed/gcc-arm-none-eabi/lib/gcc/arm-none-eabi/6.3.1/include/stddef.h"
  93              		.file 9 "/opt/gcc4mbed/gcc-arm-none-eabi/arm-none-eabi/include/sys/reent.h"
  94              		.file 10 "Drivers/CMSIS/Device/ST/STM32F4xx/Include/stm32f411xe.h"
ARM GAS  /tmp/ccUh5JAT.s 			page 5


DEFINED SYMBOLS
                            *ABS*:0000000000000000 stm32f4xx_hal_msp.c
     /tmp/ccUh5JAT.s:18     .text.HAL_MspInit:0000000000000000 $t
     /tmp/ccUh5JAT.s:25     .text.HAL_MspInit:0000000000000000 HAL_MspInit
                     .debug_frame:0000000000000010 $d

UNDEFINED SYMBOLS
HAL_NVIC_SetPriorityGrouping
HAL_NVIC_SetPriority
